c:\users\nsaga\asogame\就職作品展2026冬\baseproject\x64\debug\arrow.obj
c:\users\nsaga\asogame\就職作品展2026冬\baseproject\x64\debug\pixelrenderer.obj
c:\users\nsaga\asogame\就職作品展2026冬\baseproject\x64\debug\main.obj
c:\users\nsaga\asogame\就職作品展2026冬\baseproject\x64\debug\actorbase.obj
c:\users\nsaga\asogame\就職作品展2026冬\baseproject\x64\debug\grid.obj
c:\users\nsaga\asogame\就職作品展2026冬\baseproject\x64\debug\itempoach.obj
c:\users\nsaga\asogame\就職作品展2026冬\baseproject\x64\debug\hitpart.obj
c:\users\nsaga\asogame\就職作品展2026冬\baseproject\x64\debug\pixelmaterial.obj
c:\users\nsaga\asogame\就職作品展2026冬\baseproject\x64\debug\camera.obj
c:\users\nsaga\asogame\就職作品展2026冬\baseproject\x64\debug\gamescene.obj
c:\users\nsaga\asogame\就職作品展2026冬\baseproject\x64\debug\effectcontroller.obj
c:\users\nsaga\asogame\就職作品展2026冬\baseproject\x64\debug\object.obj
c:\users\nsaga\asogame\就職作品展2026冬\baseproject\x64\debug\resource.obj
c:\users\nsaga\asogame\就職作品展2026冬\baseproject\x64\debug\asoutility.obj
c:\users\nsaga\asogame\就職作品展2026冬\baseproject\x64\debug\sword.obj
c:\users\nsaga\asogame\就職作品展2026冬\baseproject\x64\debug\inputtextmanager.obj
c:\users\nsaga\asogame\就職作品展2026冬\baseproject\x64\debug\netmanager.obj
c:\users\nsaga\asogame\就職作品展2026冬\baseproject\x64\debug\soundcontroller.obj
c:\users\nsaga\asogame\就職作品展2026冬\baseproject\x64\debug\hitdamage.obj
c:\users\nsaga\asogame\就職作品展2026冬\baseproject\x64\debug\fader.obj
c:\users\nsaga\asogame\就職作品展2026冬\baseproject\x64\debug\transform.obj
c:\users\nsaga\asogame\就職作品展2026冬\baseproject\x64\debug\menuscene.obj
c:\users\nsaga\asogame\就職作品展2026冬\baseproject\x64\debug\sound.obj
c:\users\nsaga\asogame\就職作品展2026冬\baseproject\x64\debug\soundmanager.obj
c:\users\nsaga\asogame\就職作品展2026冬\baseproject\x64\debug\modelmaterial.obj
c:\users\nsaga\asogame\就職作品展2026冬\baseproject\x64\debug\inputtextarea.obj
c:\users\nsaga\asogame\就職作品展2026冬\baseproject\x64\debug\netbase.obj
c:\users\nsaga\asogame\就職作品展2026冬\baseproject\x64\debug\timer.obj
c:\users\nsaga\asogame\就職作品展2026冬\baseproject\x64\debug\bomobject.obj
c:\users\nsaga\asogame\就職作品展2026冬\baseproject\x64\debug\planet.obj
c:\users\nsaga\asogame\就職作品展2026冬\baseproject\x64\debug\resourcemanager.obj
c:\users\nsaga\asogame\就職作品展2026冬\baseproject\x64\debug\player.obj
c:\users\nsaga\asogame\就職作品展2026冬\baseproject\x64\debug\greatsword.obj
c:\users\nsaga\asogame\就職作品展2026冬\baseproject\x64\debug\inputmanager.obj
c:\users\nsaga\asogame\就職作品展2026冬\baseproject\x64\debug\nethost.obj
c:\users\nsaga\asogame\就職作品展2026冬\baseproject\x64\debug\enemybase.obj
c:\users\nsaga\asogame\就職作品展2026冬\baseproject\x64\debug\skydome.obj
c:\users\nsaga\asogame\就職作品展2026冬\baseproject\x64\debug\scenemanager.obj
c:\users\nsaga\asogame\就職作品展2026冬\baseproject\x64\debug\shotbase.obj
c:\users\nsaga\asogame\就職作品展2026冬\baseproject\x64\debug\stage.obj
c:\users\nsaga\asogame\就職作品展2026冬\baseproject\x64\debug\netclient.obj
c:\users\nsaga\asogame\就職作品展2026冬\baseproject\x64\debug\textbox.obj
c:\users\nsaga\asogame\就職作品展2026冬\baseproject\x64\debug\itemobject.obj
c:\users\nsaga\asogame\就職作品展2026冬\baseproject\x64\debug\boss.obj
c:\users\nsaga\asogame\就職作品展2026冬\baseproject\x64\debug\connectscene.obj
c:\users\nsaga\asogame\就職作品展2026冬\baseproject\x64\debug\itembase.obj
c:\users\nsaga\asogame\就職作品展2026冬\baseproject\x64\debug\animationcontroller.obj
c:\users\nsaga\asogame\就職作品展2026冬\baseproject\x64\debug\application.obj
c:\users\nsaga\asogame\就職作品展2026冬\baseproject\x64\debug\arrowshot.obj
c:\users\nsaga\asogame\就職作品展2026冬\baseproject\x64\debug\inputcontroller.obj
c:\users\nsaga\asogame\就職作品展2026冬\baseproject\x64\debug\modelrenderer.obj
c:\users\nsaga\asogame\就職作品展2026冬\baseproject\x64\debug\quaternion.obj
c:\users\nsaga\asogame\就職作品展2026冬\baseproject\x64\debug\netsend.obj
c:\users\nsaga\asogame\就職作品展2026冬\baseproject\x64\debug\gamemanager.obj
c:\users\nsaga\asogame\就職作品展2026冬\baseproject\x64\debug\vector2.obj
c:\users\nsaga\asogame\就職作品展2026冬\baseproject\x64\debug\capsule.obj
c:\users\nsaga\asogame\就職作品展2026冬\baseproject\x64\debug\viewplayer.obj
c:\users\nsaga\asogame\就職作品展2026冬\baseproject\x64\debug\itemshot.obj
c:\users\nsaga\asogame\就職作品展2026冬\baseproject\x64\debug\charabase.obj
c:\users\nsaga\asogame\就職作品展2026冬\baseproject\x64\debug\vector2f.obj
c:\users\nsaga\asogame\就職作品展2026冬\baseproject\x64\debug\collider.obj
c:\users\nsaga\asogame\就職作品展2026冬\baseproject\x64\debug\scenebase.obj
c:\users\nsaga\asogame\就職作品展2026冬\baseproject\x64\debug\titlescene.obj
c:\users\nsaga\asogame\就職作品展2026冬\baseproject\x64\debug\smallmonster.obj
c:\users\nsaga\asogame\就職作品展2026冬\baseproject\x64\debug\refreshscene.obj
c:\users\nsaga\asogame\就職作品展2026冬\baseproject\x64\debug\measure.obj
c:\users\nsaga\asogame\就職作品展2026冬\baseproject\x64\debug\vc143.pdb
c:\users\nsaga\asogame\就職作品展2026冬\data\shader\map.cso
c:\users\nsaga\asogame\就職作品展2026冬\data\shader\playerhp.cso
c:\users\nsaga\asogame\就職作品展2026冬\data\shader\playerstatus.cso
c:\users\nsaga\asogame\就職作品展2026冬\data\shader\texture.cso
c:\users\nsaga\asogame\就職作品展2026冬\data\shader\timer.cso
c:\users\nsaga\asogame\就職作品展2026冬\x64\debug\baseproject.exe
c:\users\nsaga\asogame\就職作品展2026冬\x64\debug\baseproject.pdb
c:\users\nsaga\asogame\就職作品展2026冬\baseproject\x64\debug\baseproject.ilk
c:\users\nsaga\asogame\就職作品展2026冬\baseproject\x64\debug\vc143.idb
c:\users\nsaga\asogame\就職作品展2026冬\baseproject\x64\debug\baseproject.tlog\cl.11788.write.1.tlog
c:\users\nsaga\asogame\就職作品展2026冬\baseproject\x64\debug\baseproject.tlog\cl.command.1.tlog
c:\users\nsaga\asogame\就職作品展2026冬\baseproject\x64\debug\baseproject.tlog\cl.items.tlog
c:\users\nsaga\asogame\就職作品展2026冬\baseproject\x64\debug\baseproject.tlog\cl.read.1.tlog
c:\users\nsaga\asogame\就職作品展2026冬\baseproject\x64\debug\baseproject.tlog\fxc.command.1.tlog
c:\users\nsaga\asogame\就職作品展2026冬\baseproject\x64\debug\baseproject.tlog\fxc.read.1.tlog
c:\users\nsaga\asogame\就職作品展2026冬\baseproject\x64\debug\baseproject.tlog\fxc.write.1.tlog
c:\users\nsaga\asogame\就職作品展2026冬\baseproject\x64\debug\baseproject.tlog\link.command.1.tlog
c:\users\nsaga\asogame\就職作品展2026冬\baseproject\x64\debug\baseproject.tlog\link.read.1.tlog
c:\users\nsaga\asogame\就職作品展2026冬\baseproject\x64\debug\baseproject.tlog\link.secondary.1.tlog
c:\users\nsaga\asogame\就職作品展2026冬\baseproject\x64\debug\baseproject.tlog\link.write.1.tlog
