  Application.cpp
  NetBase.cpp
  NetClient.cpp
  NetHost.cpp
  NetManager.cpp
  NetSend.cpp
  Boss.cpp
  Arrow.cpp
  GreatSowrd.cpp
  Player.cpp
  Object.cpp
  Stage.cpp
  ConnectScene.cpp
  GameScene.cpp
  RefreshScene.cpp
  TitleScene.cpp
C:\Users\nsaga\AsoGame\AGS2026冬\Src\Net\NetManager.h(23,56): warning C4244: '+=': 'const float' から 'unsigned int' への変換です。データが失われる可能性があります。
  (ソース ファイル 'Src/Net/NetManager.cpp' をコンパイルしています)
  
C:\Users\nsaga\AsoGame\AGS2026冬\Src\Scene\GameScene.cpp(536,41): warning C4244: '引数': 'float' から 'int' への変換です。データが失われる可能性があります。
C:\Users\nsaga\AsoGame\AGS2026冬\Src\Scene\ConnectScene.cpp(80,28): warning C4267: '=': 'size_t' から 'int' に変換しました。データが失われているかもしれません。
C:\Users\nsaga\AsoGame\AGS2026冬\Src\Scene\GameScene.cpp(578,42): warning C4244: '引数': 'float' から 'int' への変換です。データが失われる可能性があります。
C:\Users\nsaga\AsoGame\AGS2026冬\Src\Scene\GameScene.cpp(603,38): warning C4244: '引数': 'float' から 'int' への変換です。データが失われる可能性があります。
C:\Users\nsaga\AsoGame\AGS2026冬\Src\Scene\TitleScene.cpp(357,21): warning C4838: 'int' から 'unsigned char' への変換には縮小変換が必要です
C:\Users\nsaga\AsoGame\AGS2026冬\Src\Scene\TitleScene.cpp(357,25): warning C4838: 'int' から 'unsigned char' への変換には縮小変換が必要です
C:\Users\nsaga\AsoGame\AGS2026冬\Src\Scene\TitleScene.cpp(357,29): warning C4838: 'int' から 'unsigned char' への変換には縮小変換が必要です
C:\Users\nsaga\AsoGame\AGS2026冬\Src\Scene\TitleScene.cpp(357,33): warning C4838: 'int' から 'unsigned char' への変換には縮小変換が必要です
C:\Users\nsaga\AsoGame\AGS2026冬\Src\Scene\TitleScene.cpp(495,21): warning C4838: 'int' から 'unsigned char' への変換には縮小変換が必要です
C:\Users\nsaga\AsoGame\AGS2026冬\Src\Scene\TitleScene.cpp(495,25): warning C4838: 'int' から 'unsigned char' への変換には縮小変換が必要です
C:\Users\nsaga\AsoGame\AGS2026冬\Src\Scene\TitleScene.cpp(495,29): warning C4838: 'int' から 'unsigned char' への変換には縮小変換が必要です
C:\Users\nsaga\AsoGame\AGS2026冬\Src\Scene\TitleScene.cpp(495,33): warning C4838: 'int' から 'unsigned char' への変換には縮小変換が必要です
C:\Users\nsaga\AsoGame\AGS2026冬\Src\Object\Player\Player.cpp(675,9): warning C4244: '-=': 'float' から 'int' への変換です。データが失われる可能性があります。
C:\Users\nsaga\AsoGame\AGS2026冬\Src\Object\Player\Player.cpp(1384,21): warning C4305: '+=': 'double' から 'float' へ切り詰めます。
C:\Users\nsaga\AsoGame\AGS2026冬\Src\Object\Player\Player.cpp(1916,11): warning C4244: '初期化中': 'float' から 'int' への変換です。データが失われる可能性があります。
C:\Users\nsaga\AsoGame\AGS2026冬\Src\Object\Enemy\Boss.cpp(133,24): warning C4267: '=': 'size_t' から 'int' に変換しました。データが失われているかもしれません。
C:\Users\nsaga\AsoGame\AGS2026冬\Src\Object\Enemy\Boss.cpp(367,28): warning C4244: '初期化中': 'float' から 'int' への変換です。データが失われる可能性があります。
C:\Users\nsaga\AsoGame\AGS2026冬\Src\Object\Enemy\Boss.cpp(367,21): warning C4244: '初期化中': 'float' から 'const int' への変換です。データが失われる可能性があります。
  コード生成しています。
  14 of 6539 functions ( 0.2%) were compiled, the rest were copied from previous compilation.
    0 functions were new in current compilation
    18 functions had inline decision re-evaluated but remain unchanged
  コード生成が終了しました。
EffekseerForDXLib_vs2019_x64.lib(EffekseerForDXLib.obj) : warning LNK4099: PDB '' が 'EffekseerForDXLib_vs2019_x64.lib(EffekseerForDXLib.obj)' で、または '' に見つかりません。デバッグ情報がないものとして、オブジェクトにリンクします。
  BaseProject.vcxproj -> C:\Users\nsaga\AsoGame\AGS2026冬\x64\Release\BaseProject.exe
