d:\users\2316013\desktop\ags2026ĺ†¬\baseproject\x64\release\recoveryitem.obj
d:\users\2316013\desktop\ags2026ĺ†¬\baseproject\x64\release\itemobject.obj
d:\users\2316013\desktop\ags2026ĺ†¬\baseproject\x64\release\effectcontroller.obj
d:\users\2316013\desktop\ags2026ĺ†¬\baseproject\x64\release\pixelmaterial.obj
d:\users\2316013\desktop\ags2026ĺ†¬\baseproject\x64\release\vector2f.obj
d:\users\2316013\desktop\ags2026ĺ†¬\baseproject\x64\release\transform.obj
d:\users\2316013\desktop\ags2026ĺ†¬\baseproject\x64\release\viewplayer.obj
d:\users\2316013\desktop\ags2026ĺ†¬\baseproject\x64\release\bomobject.obj
d:\users\2316013\desktop\ags2026ĺ†¬\baseproject\x64\release\menuscene.obj
d:\users\2316013\desktop\ags2026ĺ†¬\baseproject\x64\release\itembase.obj
d:\users\2316013\desktop\ags2026ĺ†¬\baseproject\x64\release\soundmanager.obj
d:\users\2316013\desktop\ags2026ĺ†¬\baseproject\x64\release\inputcontroller.obj
d:\users\2316013\desktop\ags2026ĺ†¬\baseproject\x64\release\stage.obj
d:\users\2316013\desktop\ags2026ĺ†¬\baseproject\x64\release\main.obj
d:\users\2316013\desktop\ags2026ĺ†¬\baseproject\x64\release\inputtextmanager.obj
d:\users\2316013\desktop\ags2026ĺ†¬\baseproject\x64\release\netmanager.obj
d:\users\2316013\desktop\ags2026ĺ†¬\baseproject\x64\release\measure.obj
d:\users\2316013\desktop\ags2026ĺ†¬\baseproject\x64\release\arrowshot.obj
d:\users\2316013\desktop\ags2026ĺ†¬\baseproject\x64\release\arrow.obj
d:\users\2316013\desktop\ags2026ĺ†¬\baseproject\x64\release\object.obj
d:\users\2316013\desktop\ags2026ĺ†¬\baseproject\x64\release\fader.obj
d:\users\2316013\desktop\ags2026ĺ†¬\baseproject\x64\release\netbase.obj
d:\users\2316013\desktop\ags2026ĺ†¬\baseproject\x64\release\collider.obj
d:\users\2316013\desktop\ags2026ĺ†¬\baseproject\x64\release\asoutility.obj
d:\users\2316013\desktop\ags2026ĺ†¬\baseproject\x64\release\timer.obj
d:\users\2316013\desktop\ags2026ĺ†¬\baseproject\x64\release\smallmonster.obj
d:\users\2316013\desktop\ags2026ĺ†¬\baseproject\x64\release\animationcontroller.obj
d:\users\2316013\desktop\ags2026ĺ†¬\baseproject\x64\release\modelmaterial.obj
d:\users\2316013\desktop\ags2026ĺ†¬\baseproject\x64\release\resource.obj
d:\users\2316013\desktop\ags2026ĺ†¬\baseproject\x64\release\capsule.obj
d:\users\2316013\desktop\ags2026ĺ†¬\baseproject\x64\release\itemshot.obj
d:\users\2316013\desktop\ags2026ĺ†¬\baseproject\x64\release\shotbase.obj
d:\users\2316013\desktop\ags2026ĺ†¬\baseproject\x64\release\charabase.obj
d:\users\2316013\desktop\ags2026ĺ†¬\baseproject\x64\release\pixelrenderer.obj
d:\users\2316013\desktop\ags2026ĺ†¬\baseproject\x64\release\vector2.obj
d:\users\2316013\desktop\ags2026ĺ†¬\baseproject\x64\release\resourcemanager.obj
d:\users\2316013\desktop\ags2026ĺ†¬\baseproject\x64\release\actorbase.obj
d:\users\2316013\desktop\ags2026ĺ†¬\baseproject\x64\release\enemybase.obj
d:\users\2316013\desktop\ags2026ĺ†¬\baseproject\x64\release\skydome.obj
d:\users\2316013\desktop\ags2026ĺ†¬\baseproject\x64\release\quaternion.obj
d:\users\2316013\desktop\ags2026ĺ†¬\baseproject\x64\release\inputmanager.obj
d:\users\2316013\desktop\ags2026ĺ†¬\baseproject\x64\release\nethost.obj
d:\users\2316013\desktop\ags2026ĺ†¬\baseproject\x64\release\scenebase.obj
d:\users\2316013\desktop\ags2026ĺ†¬\baseproject\x64\release\sound.obj
d:\users\2316013\desktop\ags2026ĺ†¬\baseproject\x64\release\hitdamage.obj
d:\users\2316013\desktop\ags2026ĺ†¬\baseproject\x64\release\modelrenderer.obj
d:\users\2316013\desktop\ags2026ĺ†¬\baseproject\x64\release\netclient.obj
d:\users\2316013\desktop\ags2026ĺ†¬\baseproject\x64\release\shotitem.obj
d:\users\2316013\desktop\ags2026ĺ†¬\baseproject\x64\release\itempoach.obj
d:\users\2316013\desktop\ags2026ĺ†¬\baseproject\x64\release\soundcontroller.obj
d:\users\2316013\desktop\ags2026ĺ†¬\baseproject\x64\release\hitpart.obj
d:\users\2316013\desktop\ags2026ĺ†¬\baseproject\x64\release\planet.obj
d:\users\2316013\desktop\ags2026ĺ†¬\baseproject\x64\release\inputtextarea.obj
d:\users\2316013\desktop\ags2026ĺ†¬\baseproject\x64\release\camera.obj
d:\users\2316013\desktop\ags2026ĺ†¬\baseproject\x64\release\netsend.obj
d:\users\2316013\desktop\ags2026ĺ†¬\baseproject\x64\release\grid.obj
d:\users\2316013\desktop\ags2026ĺ†¬\data\shader\map.cso
d:\users\2316013\desktop\ags2026ĺ†¬\data\shader\playerhp.cso
d:\users\2316013\desktop\ags2026ĺ†¬\data\shader\playerstatus.cso
d:\users\2316013\desktop\ags2026ĺ†¬\data\shader\texture.cso
d:\users\2316013\desktop\ags2026ĺ†¬\data\shader\timer.cso
d:\users\2316013\desktop\ags2026ĺ†¬\baseproject\x64\release\vc143.pdb
d:\users\2316013\desktop\ags2026ĺ†¬\baseproject\x64\release\baseproject.tlog\cl.13596.write.1.tlog
d:\users\2316013\desktop\ags2026ĺ†¬\baseproject\x64\release\baseproject.tlog\cl.command.1.tlog
d:\users\2316013\desktop\ags2026ĺ†¬\baseproject\x64\release\baseproject.tlog\cl.read.1.tlog
d:\users\2316013\desktop\ags2026ĺ†¬\baseproject\x64\release\baseproject.tlog\fxc.command.1.tlog
d:\users\2316013\desktop\ags2026ĺ†¬\baseproject\x64\release\baseproject.tlog\fxc.read.1.tlog
d:\users\2316013\desktop\ags2026ĺ†¬\baseproject\x64\release\baseproject.tlog\fxc.write.1.tlog
